[ ∅ PHANTOM ] INITIATING DEEP WORKSPACE SWEEP...

=== [ 1. DIRECTORY TOPOLOGY ] ===
.
./.cargo
./k8s
./sdk
./sdk/python
./sdk/python/vantio
./vantio-anomaly-receipt
./vantio-anomaly-receipt/host
./vantio-anomaly-receipt/host/src
./vantio-anomaly-receipt/methods
./vantio-anomaly-receipt/methods/guest
./vantio-anomaly-receipt/methods/src
./vantio-autonomic-core
./vantio-autonomic-core/src
./vantio-hypervisor
./vantio-hypervisor-common
./vantio-hypervisor-common/src
./vantio-hypervisor-ebpf
./vantio-hypervisor-ebpf/.cargo
./vantio-hypervisor-ebpf/src
./vantio-hypervisor/src
./vantio-hypervisor/src/bin
./vantio-l7-proxy
./vantio-l7-proxy/src
./vantio-monolith
./vantio-monolith/src
./vantio-node
./vantio-node/src
./vantio-oracle
./vantio-oracle/host
./vantio-oracle/host/src
./vantio-oracle/methods
./vantio-oracle/methods/guest
./vantio-oracle/methods/src
./vantio-phantom-dimension
./vantio-phantom-dimension/src

=== [ 2. LEXICON & BRANDING VIOLATIONS ] ===
./vantio-anomaly-receipt/host/src/main.rs:26:    // 5. Pierce the envelope and decode the WORM-compliant journal from the core receipt
./vantio-anomaly-receipt/host/src/main.rs:27:    let worm_journal: String = prove_info.receipt.journal.decode().unwrap();
./sdk/python/vantio/session.py:12:        print(f"[ ∅ VANTIO VECTOR ] Session Boundary Locked. Trace: {self.trace_id}")
./sdk/python/vantio/session.py:17:        print(f"[ ∅ VANTIO VECTOR ] Session Boundary Terminated.")
./dashboard.html:158:                const response = await fetch('/api/receipts');
./dashboard.html:161:                const receipts = await response.json();
./dashboard.html:164:                if (receipts.length > 0) {
./dashboard.html:166:                    document.getElementById('totalThreats').innerText = receipts.length;
./dashboard.html:168:                    receipts.slice(-10).reverse().forEach(receipt => {
./dashboard.html:170:                        const dateStr = receipt.timestamp ? new Date(receipt.timestamp).toLocaleTimeString() : new Date().toLocaleTimeString();
./dashboard.html:174:                            <td style="color: #58a6ff;">${receipt.layer || 'RING-0'}</td>
./dashboard.html:175:                            <td>${receipt.process_name || receipt.threat_vector || 'UNKNOWN'}</td>
./vantio-oracle/host/src/main.rs:34:            let receipt = prover.prove(env, VANTIO_GUEST_ELF).unwrap().receipt;
./vantio-oracle/host/src/main.rs:35:            receipt.journal.decode().unwrap()
./vantio-oracle/host/src/main.rs:39:        println!("[CRYPTOGRAPHIC SEAL VERIFIED & ENFORCED]");
./vantio-oracle/host/src/main.rs:45:        println!("[VANTIO ORACLE]: Firing Cryptographic Receipt to Cloud Matrix...");
./vantio-autonomic-core/src/main.rs:12:    let anomaly_payload = "[ ∅ VANTIO ] ANOMALY DETECTED: Rogue Agent contained in Phantom Dimension. zk-SNARK Receipt: 0x8F9B2C...";
./vantio-l7-proxy/src/main.rs:31:        let receipt = serde_json::json!({
./vantio-l7-proxy/src/main.rs:39:        println!("[L7 ALARM]: Firing WORM Receipt to Spanner Ledger...");
./vantio-l7-proxy/src/main.rs:40:        let _ = client.post("https://vantio.ai/ingest").json(&receipt).send().await;
./vantio-node/src/main.rs:72:                    println!("[VANTIO ALARM]: Firing WORM Receipt to Spanner Ledger...");
./vantio-hypervisor/src/bin/vctl.rs:18:        // Enforce the Vantio Tactical Context wrapper around the raw piped telemetry

=== [ 3. ARCHITECTURAL CONTRADICTIONS (Node.js, PM2) ] ===
[ ∅ ] CLEAN
